#
# A fatal error has been detected by the Java Runtime Environment:
#
#  EXCEPTION_ACCESS_VIOLATION (0xc0000005) at pc=0x64ac15b0, pid=3040, tid=4112
#
# JRE version: 7.0_10-b18
# Java VM: Java HotSpot(TM) Client VM (23.6-b04 mixed mode windows-x86 )
# Problematic frame:
# C  0x64ac15b0
#
# Failed to write core dump. Minidumps are not enabled by default on client versions of Windows
#
# If you would like to submit a bug report, please visit:
#   http://bugreport.sun.com/bugreport/crash.jsp
# The crash happened outside the Java Virtual Machine in native code.
# See problematic frame for where to report the bug.
#

---------------  T H R E A D  ---------------

Current thread (0x01e3a800):  JavaThread "main" [_thread_in_native, id=4112, stack(0x004f0000,0x00540000)]

siginfo: ExceptionCode=0xc0000005, ExceptionInformation=0x00000008 0x64ac15b0

Registers:
EAX=0x67ba7e19, EBX=0x140f3d98, ECX=0x67b60000, EDX=0x67ba7e19
ESP=0x0053f7d0, EBP=0x0053f7e0, ESI=0x00000000, EDI=0x01e3a800
EIP=0x64ac15b0, EFLAGS=0x00010202

Top of Stack: (sp=0x0053f7d0)
0x0053f7d0:   756ba143 c9010734 140f3d90 67b60000
0x0053f7e0:   0053f820 18b4b2ee c9010734 01e5f082
0x0053f7f0:   01e3a928 0053f828 0053f830 00000000
0x0053f800:   0053f800 00000000 0053f830 140f47d0
0x0053f810:   00000000 140f3d98 00000000 0053f830
0x0053f820:   0053f85c 01e53347 040768a8 01e5bea9
0x0053f830:   03ff1638 233a9681 04076920 0053f834
0x0053f840:   140f3ca3 0053f87c 140f47d0 00000000 

Instructions: (pc=0x64ac15b0)
0x64ac1590:   
[error occurred during error reporting (printing registers, top of stack, instructions near pc), id 0xc0000005]

Register to memory mapping:

EAX=0x67ba7e19 is an unknown value
EBX=0x140f3d98 is an oop
{method} 
 - klass: {other class}
ECX=0x67b60000 is an unknown value
EDX=0x67ba7e19 is an unknown value
ESP=0x0053f7d0 is pointing into the stack for thread: 0x01e3a800
EBP=0x0053f7e0 is pointing into the stack for thread: 0x01e3a800
ESI=0x00000000 is an unknown value
EDI=0x01e3a800 is a thread


Stack: [0x004f0000,0x00540000],  sp=0x0053f7d0,  free space=317k
Native frames: (J=compiled Java code, j=interpreted, Vv=VM code, C=native code)
C  0x64ac15b0
C  [lwjgl.dll+0xb2ee]  Java_org_lwjgl_opengl_WindowsContextImplementation_nSwapBuffers+0x1e
j  org.lwjgl.opengl.WindowsContextImplementation.swapBuffers()V+35
j  org.lwjgl.opengl.ContextGL.swapBuffers()V+3
j  org.lwjgl.opengl.DrawableGL.swapBuffers()V+0
j  org.lwjgl.opengl.Display.swapBuffers()V+39
j  org.lwjgl.opengl.Display.update(Z)V+44
j  org.lwjgl.opengl.Display.update()V+1
j  Execution.runtime()V+3
j  Execution.<init>()V+43
j  Start.main([Ljava/lang/String;)V+3
v  ~StubRoutines::call_stub
V  [jvm.dll+0x12a3ba]
V  [jvm.dll+0x1d97de]
V  [jvm.dll+0x12a43d]
V  [jvm.dll+0xaee94]
V  [jvm.dll+0xb9217]
C  [javaw.exe+0x206c]
C  [javaw.exe+0xa5e3]
C  [javaw.exe+0xa66d]
C  [KERNEL32.DLL+0x28543]  BaseThreadInitThunk+0xe
C  [ntdll.dll+0x5ac69]  RtlInitializeExceptionChain+0x85
C  [ntdll.dll+0x5ac3c]  RtlInitializeExceptionChain+0x58

Java frames: (J=compiled Java code, j=interpreted, Vv=VM code)
j  org.lwjgl.opengl.WindowsContextImplementation.nSwapBuffers(Ljava/nio/ByteBuffer;)V+0
j  org.lwjgl.opengl.WindowsContextImplementation.swapBuffers()V+35
j  org.lwjgl.opengl.ContextGL.swapBuffers()V+3
j  org.lwjgl.opengl.DrawableGL.swapBuffers()V+0
j  org.lwjgl.opengl.Display.swapBuffers()V+39
j  org.lwjgl.opengl.Display.update(Z)V+44
j  org.lwjgl.opengl.Display.update()V+1
j  Execution.runtime()V+3
j  Execution.<init>()V+43
j  Start.main([Ljava/lang/String;)V+3
v  ~StubRoutines::call_stub

---------------  P R O C E S S  ---------------

Java Threads: ( => current thread )
  0x18298000 JavaThread "LWJGL Timer" daemon [_thread_blocked, id=528, stack(0x20d50000,0x20da0000)]
  0x181ab000 JavaThread "Service Thread" daemon [_thread_blocked, id=4676, stack(0x18a60000,0x18ab0000)]
  0x181a9000 JavaThread "C1 CompilerThread0" daemon [_thread_blocked, id=4816, stack(0x189d0000,0x18a20000)]
  0x1819f800 JavaThread "JDWP Command Reader" daemon [_thread_in_native, id=4640, stack(0x18940000,0x18990000)]
  0x1819c000 JavaThread "JDWP Event Helper Thread" daemon [_thread_blocked, id=1616, stack(0x188b0000,0x18900000)]
  0x18198800 JavaThread "JDWP Transport Listener: dt_socket" daemon [_thread_blocked, id=2932, stack(0x18820000,0x18870000)]
  0x1818e000 JavaThread "Attach Listener" daemon [_thread_blocked, id=44, stack(0x18420000,0x18470000)]
  0x1818c000 JavaThread "Signal Dispatcher" daemon [_thread_blocked, id=4896, stack(0x18390000,0x183e0000)]
  0x01de3800 JavaThread "Finalizer" daemon [_thread_blocked, id=2376, stack(0x18100000,0x18150000)]
  0x01ddec00 JavaThread "Reference Handler" daemon [_thread_blocked, id=3652, stack(0x18070000,0x180c0000)]
=>0x01e3a800 JavaThread "main" [_thread_in_native, id=4112, stack(0x004f0000,0x00540000)]

Other Threads:
  0x01dd7400 VMThread [stack: 0x17fe0000,0x18030000] [id=4392]
  0x181b3c00 WatcherThread [stack: 0x18af0000,0x18b40000] [id=960]

VM state:not at safepoint (normal execution)

VM Mutex/Monitor currently owned by a thread: None

Heap
 def new generation   total 4928K, used 3643K [0x03ed0000, 0x04420000, 0x09420000)
  eden space 4416K,  82% used [0x03ed0000, 0x0425ee38, 0x04320000)
  from space 512K,   0% used [0x04320000, 0x04320000, 0x043a0000)
  to   space 512K,   0% used [0x043a0000, 0x043a0000, 0x04420000)
 tenured generation   total 10944K, used 0K [0x09420000, 0x09ed0000, 0x13ed0000)
   the space 10944K,   0% used [0x09420000, 0x09420000, 0x09420200, 0x09ed0000)
 compacting perm gen  total 12288K, used 2726K [0x13ed0000, 0x14ad0000, 0x17ed0000)
   the space 12288K,  22% used [0x13ed0000, 0x14179b00, 0x14179c00, 0x14ad0000)
No shared spaces configured.

Card table byte_map: [0x17ed0000,0x17f80000] byte_map_base: 0x17eb0980

Polling page: 0x00280000

Code Cache  [0x01e50000, 0x01f08000, 0x03e50000)
 total_blobs=307 nmethods=120 adapters=130 free_code_cache=32061Kb largest_free_block=32830592

Compilation events (10 events):
Event: 13.769 Thread 0x181a9000  116             java.nio.HeapByteBuffer::ix (7 bytes)
Event: 13.769 Thread 0x181a9000 nmethod 116 0x01effe88 code [0x01efff80, 0x01f00000]
Event: 20.706 Thread 0x181a9000  117             java.util.ArrayList::size (5 bytes)
Event: 20.706 Thread 0x181a9000 nmethod 117 0x01f00048 code [0x01f00140, 0x01f001c0]
Event: 21.007 Thread 0x181a9000  118             org.lwjgl.opengl.GLContext::getCapabilities (20 bytes)
Event: 21.007 Thread 0x181a9000 nmethod 118 0x01f00208 code [0x01f00330, 0x01f00498]
Event: 21.007 Thread 0x181a9000  119             org.lwjgl.opengl.GLContext::getCapabilitiesImpl (23 bytes)
Event: 21.007 Thread 0x181a9000 nmethod 119 0x01f005c8 code [0x01f006d0, 0x01f007ac]
Event: 21.007 Thread 0x181a9000  120             org.lwjgl.BufferChecks::checkFunctionAddress (23 bytes)
Event: 21.007 Thread 0x181a9000 nmethod 120 0x01f00888 code [0x01f00990, 0x01f00a9c]

GC Heap History (0 events):
No events

Deoptimization events (0 events):
No events

Internal exceptions (10 events):
Event: 0.278 Thread 0x01e3a800 Threw 0x041463f0 at C:\jdk7u2_32P\jdk7u10\hotspot\src\share\vm\prims\jvm.cpp:1166
Event: 0.284 Thread 0x01e3a800 Threw 0x041745f0 at C:\jdk7u2_32P\jdk7u10\hotspot\src\share\vm\prims\jvm.cpp:1166
Event: 0.328 Thread 0x01e3a800 Threw 0x04228bd0 at C:\jdk7u2_32P\jdk7u10\hotspot\src\share\vm\prims\jvm.cpp:1166
Event: 0.331 Thread 0x01e3a800 Threw 0x042359f8 at C:\jdk7u2_32P\jdk7u10\hotspot\src\share\vm\prims\jvm.cpp:1166
Event: 0.365 Thread 0x01e3a800 Threw 0x04239250 at C:\jdk7u2_32P\jdk7u10\hotspot\src\share\vm\prims\jvm.cpp:1166
Event: 0.366 Thread 0x01e3a800 Threw 0x0423e3e0 at C:\jdk7u2_32P\jdk7u10\hotspot\src\share\vm\prims\jvm.cpp:1166
Event: 0.366 Thread 0x01e3a800 Threw 0x042417a8 at C:\jdk7u2_32P\jdk7u10\hotspot\src\share\vm\prims\jvm.cpp:1166
Event: 0.366 Thread 0x01e3a800 Threw 0x042446a8 at C:\jdk7u2_32P\jdk7u10\hotspot\src\share\vm\prims\jvm.cpp:1166
Event: 12.310 Thread 0x01e3a800 Threw 0x04246b88 at C:\jdk7u2_32P\jdk7u10\hotspot\src\share\vm\prims\jvm.cpp:1166
Event: 12.319 Thread 0x01e3a800 Threw 0x04248d40 at C:\jdk7u2_32P\jdk7u10\hotspot\src\share\vm\prims\jvm.cpp:1166

Events (10 events):
Event: 12.309 loading class 0x181d3f58
Event: 12.309 loading class 0x181d3f58 done
Event: 12.319 loading class 0x18241d30
Event: 12.319 loading class 0x18241d30 done
Event: 13.829 Executing VM operation: GetOrSetLocal
Event: 13.829 Executing VM operation: GetOrSetLocal done
Event: 13.884 Executing VM operation: GetOrSetLocal
Event: 13.884 Executing VM operation: GetOrSetLocal done
Event: 13.884 Executing VM operation: GetOrSetLocal
Event: 13.884 Executing VM operation: GetOrSetLocal done


Dynamic libraries:
0x00240000 - 0x0026f000 	C:\Program Files (x86)\Java\jre7\bin\javaw.exe
0x77020000 - 0x77177000 	C:\Windows\SYSTEM32\ntdll.dll
0x75740000 - 0x75870000 	C:\Windows\SYSTEM32\KERNEL32.DLL
0x746d0000 - 0x74776000 	C:\Windows\SYSTEM32\KERNELBASE.dll
0x72c80000 - 0x72d27000 	C:\Windows\system32\apphelp.dll
0x748e0000 - 0x7498e000 	C:\Windows\SYSTEM32\ADVAPI32.dll
0x75310000 - 0x75426000 	C:\Windows\SYSTEM32\USER32.dll
0x735c0000 - 0x737b7000 	C:\Windows\WinSxS\x86_microsoft.windows.common-controls_6595b64144ccf1df_6.0.9200.16384_none_893961408605e985\COMCTL32.dll
0x74780000 - 0x74831000 	C:\Windows\SYSTEM32\msvcrt.dll
0x75e50000 - 0x75e84000 	C:\Windows\SYSTEM32\sechost.dll
0x75da0000 - 0x75e4c000 	C:\Windows\SYSTEM32\RPCRT4.dll
0x75640000 - 0x7573d000 	C:\Windows\SYSTEM32\GDI32.dll
0x746b0000 - 0x746cc000 	C:\Windows\SYSTEM32\SspiCli.dll
0x746a0000 - 0x746a9000 	C:\Windows\SYSTEM32\CRYPTBASE.dll
0x74640000 - 0x74691000 	C:\Windows\SYSTEM32\bcryptPrimitives.dll
0x748b0000 - 0x748d0000 	C:\Windows\system32\IMM32.DLL
0x74f00000 - 0x74fdc000 	C:\Windows\SYSTEM32\MSCTF.dll
0x67c30000 - 0x67ced000 	C:\Program Files (x86)\Java\jre7\bin\msvcr100.dll
0x68190000 - 0x684dc000 	C:\Program Files (x86)\Java\jre7\bin\client\jvm.dll
0x708c0000 - 0x708c8000 	C:\Windows\SYSTEM32\WSOCK32.dll
0x73590000 - 0x735b1000 	C:\Windows\SYSTEM32\WINMM.dll
0x74d40000 - 0x74d46000 	C:\Windows\SYSTEM32\PSAPI.DLL
0x75000000 - 0x75050000 	C:\Windows\SYSTEM32\WS2_32.dll
0x73560000 - 0x7358a000 	C:\Windows\SYSTEM32\WINMMBASE.dll
0x748d0000 - 0x748d8000 	C:\Windows\SYSTEM32\NSI.dll
0x708b0000 - 0x708bc000 	C:\Program Files (x86)\Java\jre7\bin\verify.dll
0x68d40000 - 0x68d60000 	C:\Program Files (x86)\Java\jre7\bin\java.dll
0x68040000 - 0x6806a000 	C:\Program Files (x86)\Java\jre7\bin\jdwp.dll
0x709b0000 - 0x709b7000 	C:\Program Files (x86)\Java\jre7\bin\npt.dll
0x680b0000 - 0x680c3000 	C:\Program Files (x86)\Java\jre7\bin\zip.dll
0x68030000 - 0x68038000 	C:\Program Files (x86)\Java\jre7\bin\dt_socket.dll
0x738d0000 - 0x738e0000 	C:\Windows\system32\napinsp.dll
0x738b0000 - 0x738c4000 	C:\Windows\system32\pnrpnsp.dll
0x738a0000 - 0x738b0000 	C:\Windows\system32\NLAapi.dll
0x74330000 - 0x7437a000 	C:\Windows\System32\mswsock.dll
0x73820000 - 0x73895000 	C:\Windows\SYSTEM32\DNSAPI.dll
0x73810000 - 0x73819000 	C:\Windows\System32\winrnr.dll
0x737d0000 - 0x7380f000 	C:\Windows\System32\fwpuclnt.dll
0x737c0000 - 0x737c7000 	C:\Windows\System32\rasadhlp.dll
0x18b40000 - 0x18b8c000 	C:\LWJGL\native\windows\lwjgl.dll
0x67b60000 - 0x67c2e000 	C:\Windows\SYSTEM32\OPENGL32.dll
0x74630000 - 0x74638000 	C:\Windows\SYSTEM32\VERSION.dll
0x68000000 - 0x68023000 	C:\Windows\SYSTEM32\GLU32.dll
0x73fc0000 - 0x74099000 	C:\Windows\SYSTEM32\DDRAW.dll
0x73fb0000 - 0x73fb7000 	C:\Windows\SYSTEM32\DCIMAN32.dll
0x73e60000 - 0x73ee8000 	C:\Windows\system32\uxtheme.dll
0x18c40000 - 0x18c77000 	C:\Windows\SYSTEM32\HsSrv.dll
0x730e0000 - 0x73164000 	C:\Windows\SYSTEM32\DSOUND.dll
0x751f0000 - 0x75309000 	C:\Windows\SYSTEM32\ole32.dll
0x73170000 - 0x731af000 	C:\Windows\SYSTEM32\POWRPROF.dll
0x75870000 - 0x759a6000 	C:\Windows\SYSTEM32\combase.dll
0x73f90000 - 0x73fa9000 	C:\Windows\SYSTEM32\dwmapi.dll
0x1a280000 - 0x1b627000 	C:\Windows\SYSTEM32\nvoglv32.DLL
0x75e90000 - 0x76f56000 	C:\Windows\SYSTEM32\SHELL32.dll
0x75b20000 - 0x75ccf000 	C:\Windows\SYSTEM32\SETUPAPI.dll
0x75d60000 - 0x75da0000 	C:\Windows\SYSTEM32\SHLWAPI.dll
0x74860000 - 0x748a6000 	C:\Windows\SYSTEM32\CFGMGR32.dll
0x74840000 - 0x7485e000 	C:\Windows\SYSTEM32\DEVOBJ.dll
0x745a0000 - 0x745c6000 	C:\Windows\SYSTEM32\ntmarta.dll
0x707b0000 - 0x7082c000 	C:\Windows\SYSTEM32\mscms.dll
0x74410000 - 0x7442b000 	C:\Windows\SYSTEM32\USERENV.dll
0x743e0000 - 0x743f1000 	C:\Windows\SYSTEM32\profapi.dll
0x70c00000 - 0x70c3b000 	C:\Windows\SYSTEM32\icm32.dll
0x740a0000 - 0x740fc000 	C:\Windows\SYSTEM32\dxgi.dll
0x74100000 - 0x742a3000 	C:\Windows\SYSTEM32\d3d11.dll
0x64b00000 - 0x6570a000 	C:\Windows\SYSTEM32\nvwgf2um.dll
0x72f40000 - 0x73069000 	C:\Windows\SYSTEM32\dbghelp.dll

VM Arguments:
jvm_args: -agentlib:jdwp=transport=dt_socket,suspend=y,address=localhost:51228 -Djava.library.path=C:\LWJGL\native\windows -Dfile.encoding=Cp1252 
java_command: Start
Launcher Type: SUN_STANDARD

Environment Variables:
CLASSPATH=.;C:\Program Files (x86)\Java\jre7\lib\ext\QTJava.zip
PATH=C:/Program Files (x86)/Java/jre7/bin/client;C:/Program Files (x86)/Java/jre7/bin;C:/Program Files (x86)/Java/jre7/lib/i386;C:\Program Files (x86)\NVIDIA Corporation\PhysX\Common;C:\Windows\system32;C:\Windows;C:\Windows\System32\Wbem;C:\Windows\System32\WindowsPowerShell\v1.0\;C:\Program Files (x86)\QuickTime\QTSystem\;C:\Program Files (x86)\OpenVPN\bin;C:\eclipse;
USERNAME=Tom
OS=Windows_NT
PROCESSOR_IDENTIFIER=Intel64 Family 6 Model 58 Stepping 9, GenuineIntel



---------------  S Y S T E M  ---------------

OS: Windows 8 , 64 bit Build 9200 

CPU:total 8 (4 cores per cpu, 2 threads per core) family 6 model 58 stepping 9, cmov, cx8, fxsr, mmx, sse, sse2, sse3, ssse3, sse4.1, sse4.2, popcnt, avx, ht, tsc, tscinvbit, tscinv

Memory: 4k page, physical 16736920k(13487336k free), swap 22504088k(18273560k free)

vm_info: Java HotSpot(TM) Client VM (23.6-b04) for windows-x86 JRE (1.7.0_10-b18), built on Nov 28 2012 08:34:29 by "java_re" with unknown MS VC++:1600

time: Mon Jan 14 16:34:18 2013
elapsed time: 24 seconds

